java -ea -Xmx54001m -Xms54001m -cp /home/sam/anaconda3/envs/FullCyc_metagenome/opt/bbmap-38.67-0/current/ align2.BBMap build=1 overwrite=true fastareadlen=500 in=../reads/Cellulose_Day30_reads.fastq.gz out=Cellulose_Day30_mapped.bam threads=20 mappedonly=t
Executing align2.BBMap [build=1, overwrite=true, fastareadlen=500, in=../reads/Cellulose_Day30_reads.fastq.gz, out=Cellulose_Day30_mapped.bam, threads=20, mappedonly=t]
Version 38.67

Set threads to 20
Set OUTPUT_MAPPED_ONLY to true
Retaining first best site only for ambiguous mappings.
Set genome to 1

Loaded Reference:	17.249 seconds.
Loading index for chunk 1-5, build 1
Generated Index:	53.064 seconds.
Analyzed Index:   	7.924 seconds.
Found samtools 1.9
Started output stream:	0.852 seconds.
Cleared Memory:    	10.585 seconds.
Processing reads in paired-ended mode.
Started read stream.
Started 20 mapping threads.
Detecting finished threads: 0, 1, 2, 3, 4, 5, 6, 7, 8, 9, 10, 11, 12, 13, 14, 15, 16, 17, 18, 19

   ------------------   Results   ------------------   

Genome:                	1
Key Length:            	13
Max Indel:             	16000
Minimum Score Ratio:  	0.56
Mapping Mode:         	normal
Reads Used:           	707180514	(104744560900 bases)

Mapping:          	172657.168 seconds.
Reads/sec:       	4095.87
kBases/sec:      	606.66


Pairing data:   	pct pairs	num pairs 	pct bases	   num bases

mated pairs:     	 25.1972% 	 89094752 	 25.0508% 	 26239348800
bad pairs:       	  3.0477% 	 10776392 	  3.0842% 	  3230525050
insert size avg: 	  348.88


Read 1 data:      	pct reads	num reads 	pct bases	   num bases

mapped:          	 34.7166% 	122754428 	 34.6824% 	 18163986668
unambiguous:     	 33.0442% 	116841024 	 33.0255% 	 17296211111
ambiguous:       	  1.6724% 	  5913404 	  1.6569% 	   867775557
low-Q discards:  	  0.0000% 	        0 	  0.0000% 	           0

perfect best site:	 11.4260% 	 40401181 	 11.4196% 	  5980701132
semiperfect site:	 11.9515% 	 42259403 	 11.9460% 	  6256406313
rescued:         	  2.3397% 	  8273119

Match Rate:      	      NA 	       NA 	 91.1613% 	 16685284227
Error Rate:      	 65.5802% 	 80502641 	  8.0248% 	  1468775649
Sub Rate:        	 65.4198% 	 80305777 	  7.1565% 	  1309854489
Del Rate:        	  3.4372% 	  4219313 	  0.7597% 	   139053558
Ins Rate:        	  3.5705% 	  4382987 	  0.1085% 	    19867602
N Rate:          	  4.4420% 	  5452743 	  0.8140% 	   148980350


Read 2 data:      	pct reads	num reads 	pct bases	   num bases

mapped:          	 34.2511% 	121108615 	 34.1930% 	 17907638155
unambiguous:     	 32.6220% 	115348127 	 32.5821% 	 17063996812
ambiguous:       	  1.6291% 	  5760488 	  1.6109% 	   843641343
low-Q discards:  	  0.0000% 	        0 	  0.0000% 	           0

perfect best site:	 10.6397% 	 37621072 	 10.6230% 	  5563494884
semiperfect site:	 11.1318% 	 39361050 	 11.1155% 	  5821447922
rescued:         	  2.6391% 	  9331533

Match Rate:      	      NA 	       NA 	 90.9157% 	 16432577357
Error Rate:      	 67.5081% 	 81758220 	  8.2773% 	  1496087897
Sub Rate:        	 67.3452% 	 81560842 	  7.2439% 	  1309306212
Del Rate:        	  3.4968% 	  4234874 	  0.9233% 	   166889669
Ins Rate:        	  3.6086% 	  4370279 	  0.1101% 	    19892016
N Rate:          	  4.4190% 	  5351828 	  0.8070% 	   145862570

Total time:     	172747.347 seconds.
