java -ea -Xmx54130m -Xms54130m -cp /home/sam/anaconda3/envs/FullCyc_metagenome/opt/bbmap-38.67-0/current/ align2.BBMap build=1 overwrite=true fastareadlen=500 in=../reads/Control_Day6_reads.fastq.gz out=Control_Day6_mapped.bam threads=20 mappedonly=t
Executing align2.BBMap [build=1, overwrite=true, fastareadlen=500, in=../reads/Control_Day6_reads.fastq.gz, out=Control_Day6_mapped.bam, threads=20, mappedonly=t]
Version 38.67

Set threads to 20
Set OUTPUT_MAPPED_ONLY to true
Retaining first best site only for ambiguous mappings.
Set genome to 1

Loaded Reference:	15.765 seconds.
Loading index for chunk 1-5, build 1
Generated Index:	39.776 seconds.
Analyzed Index:   	10.432 seconds.
Found samtools 1.9
Started output stream:	0.760 seconds.
Cleared Memory:    	4.678 seconds.
Processing reads in paired-ended mode.
Started read stream.
Started 20 mapping threads.
Detecting finished threads: 0, 1, 2, 3, 4, 5, 6, 7, 8, 9, 10, 11, 12, 13, 14, 15, 16, 17, 18, 19

   ------------------   Results   ------------------   

Genome:                	1
Key Length:            	13
Max Indel:             	16000
Minimum Score Ratio:  	0.56
Mapping Mode:         	normal
Reads Used:           	537771884	(79950498314 bases)

Mapping:          	164797.563 seconds.
Reads/sec:       	3263.23
kBases/sec:      	485.14


Pairing data:   	pct pairs	num pairs 	pct bases	   num bases

mated pairs:     	 21.4521% 	 57681678 	 21.3416% 	 17062712976
bad pairs:       	  3.2045% 	  8616565 	  3.2313% 	  2583472546
insert size avg: 	  348.65


Read 1 data:      	pct reads	num reads 	pct bases	   num bases

mapped:          	 31.4137% 	 84467091 	 31.3850% 	 12546228233
unambiguous:     	 29.5640% 	 79493518 	 29.5470% 	 11811476102
ambiguous:       	  1.8497% 	  4973573 	  1.8380% 	   734752131
low-Q discards:  	  0.0000% 	        0 	  0.0000% 	           0

perfect best site:	  7.2947% 	 19614364 	  7.2884% 	  2913575167
semiperfect site:	  7.7576% 	 20859219 	  7.7523% 	  3099006043
rescued:         	  2.5459% 	  6845583

Match Rate:      	      NA 	       NA 	 89.8325% 	 11356004030
Error Rate:      	 75.3290% 	 63628278 	  9.3269% 	  1179041252
Sub Rate:        	 75.1692% 	 63493311 	  8.4518% 	  1068418475
Del Rate:        	  4.0216% 	  3396890 	  0.7521% 	    95074981
Ins Rate:        	  4.1078% 	  3469738 	  0.1230% 	    15547796
N Rate:          	  4.5621% 	  3853502 	  0.8406% 	   106257932


Read 2 data:      	pct reads	num reads 	pct bases	   num bases

mapped:          	 30.9476% 	 83213666 	 30.9005% 	 12352558161
unambiguous:     	 29.1537% 	 78390288 	 29.1206% 	 11641034737
ambiguous:       	  1.7938% 	  4823378 	  1.7799% 	   711523424
low-Q discards:  	  0.0000% 	        0 	  0.0000% 	           0

perfect best site:	  6.8154% 	 18325642 	  6.8047% 	  2720215175
semiperfect site:	  7.2512% 	 19497491 	  7.2412% 	  2894690755
rescued:         	  2.7999% 	  7528428

Match Rate:      	      NA 	       NA 	 89.6306% 	 11171109835
Error Rate:      	 76.5948% 	 63737391 	  9.5333% 	  1188184002
Sub Rate:        	 76.4349% 	 63604324 	  8.5167% 	  1061477865
Del Rate:        	  4.0914% 	  3404596 	  0.8901% 	   110942578
Ins Rate:        	  4.1822% 	  3480167 	  0.1265% 	    15763559
N Rate:          	  4.5422% 	  3779710 	  0.8361% 	   104206902

Total time:     	164869.472 seconds.
