java -ea -Xmx53256m -Xms53256m -cp /home/sam/anaconda3/envs/FullCyc_metagenome/opt/bbmap-38.67-0/current/ align2.BBMap build=1 overwrite=true fastareadlen=500 in=../reads/Control_Day48_reads.fastq.gz out=Control_Day48_mapped.bam threads=20 mappedonly=t
Executing align2.BBMap [build=1, overwrite=true, fastareadlen=500, in=../reads/Control_Day48_reads.fastq.gz, out=Control_Day48_mapped.bam, threads=20, mappedonly=t]
Version 38.67

Set threads to 20
Set OUTPUT_MAPPED_ONLY to true
Retaining first best site only for ambiguous mappings.
Set genome to 1

Loaded Reference:	25.410 seconds.
Loading index for chunk 1-5, build 1
Generated Index:	96.977 seconds.
Analyzed Index:   	9.424 seconds.
Found samtools 1.9
Started output stream:	2.657 seconds.
Cleared Memory:    	3.177 seconds.
Processing reads in paired-ended mode.
Started read stream.
Started 20 mapping threads.
Detecting finished threads: 0, 1, 2, 3, 4, 5, 6, 7, 8, 9, 10, 11, 12, 13, 14, 15, 16, 17, 18, 19

   ------------------   Results   ------------------   

Genome:                	1
Key Length:            	13
Max Indel:             	16000
Minimum Score Ratio:  	0.56
Mapping Mode:         	normal
Reads Used:           	1326945180	(197380372846 bases)

Mapping:          	354726.528 seconds.
Reads/sec:       	3740.76
kBases/sec:      	556.43


Pairing data:   	pct pairs	num pairs 	pct bases	   num bases

mated pairs:     	 20.5597% 	136408232 	 20.4779% 	 40419334040
bad pairs:       	  2.5881% 	 17171212 	  2.6081% 	  5147848150
insert size avg: 	  352.33


Read 1 data:      	pct reads	num reads 	pct bases	   num bases

mapped:          	 29.5304% 	195926293 	 29.5126% 	 29126263873
unambiguous:     	 28.0267% 	185949474 	 28.0184% 	 27651582581
ambiguous:       	  1.5037% 	  9976819 	  1.4942% 	  1474681292
low-Q discards:  	  0.0000% 	        0 	  0.0000% 	           0

perfect best site:	  7.5639% 	 50184088 	  7.5627% 	  7463696434
semiperfect site:	  8.0461% 	 53383736 	  8.0458% 	  7940495178
rescued:         	  2.3138% 	 15351377

Match Rate:      	      NA 	       NA 	 90.2316% 	 26509595259
Error Rate:      	 72.7527% 	142541834 	  8.8680% 	  2605379401
Sub Rate:        	 72.5344% 	142114014 	  7.8767% 	  2314147597
Del Rate:        	  4.1605% 	  8151614 	  0.8620% 	   253241308
Ins Rate:        	  4.2063% 	  8241193 	  0.1293% 	    37990496
N Rate:          	  4.7743% 	  9354136 	  0.9004% 	   264530521


Read 2 data:      	pct reads	num reads 	pct bases	   num bases

mapped:          	 29.0888% 	192996173 	 29.0578% 	 28676962147
unambiguous:     	 27.6279% 	183303841 	 27.6081% 	 27246297112
ambiguous:       	  1.4608% 	  9692332 	  1.4497% 	  1430665035
low-Q discards:  	  0.0000% 	        0 	  0.0000% 	           0

perfect best site:	  7.1405% 	 47375041 	  7.1358% 	  7042278896
semiperfect site:	  7.6006% 	 50427781 	  7.5966% 	  7497031081
rescued:         	  2.5221% 	 16733430

Match Rate:      	      NA 	       NA 	 89.9919% 	 26077527838
Error Rate:      	 73.8739% 	142573905 	  9.1099% 	  2639841540
Sub Rate:        	 73.6468% 	142135582 	  7.9359% 	  2299636155
Del Rate:        	  4.2965% 	  8292028 	  1.0376% 	   300683632
Ins Rate:        	  4.3624% 	  8419262 	  0.1364% 	    39521753
N Rate:          	  4.7665% 	  9199202 	  0.8982% 	   260276401

Total time:     	354865.244 seconds.
