java -ea -Xmx54044m -Xms54044m -cp /home/sam/anaconda3/envs/FullCyc_metagenome/opt/bbmap-38.67-0/current/ align2.BBMap build=1 overwrite=true fastareadlen=500 in=../reads/Control_Day14_reads.fastq.gz out=Control_Day14_mapped.bam threads=20 mappedonly=t
Executing align2.BBMap [build=1, overwrite=true, fastareadlen=500, in=../reads/Control_Day14_reads.fastq.gz, out=Control_Day14_mapped.bam, threads=20, mappedonly=t]
Version 38.67

Set threads to 20
Set OUTPUT_MAPPED_ONLY to true
Retaining first best site only for ambiguous mappings.
Set genome to 1

Loaded Reference:	14.866 seconds.
Loading index for chunk 1-5, build 1
Generated Index:	37.194 seconds.
Analyzed Index:   	9.935 seconds.
Found samtools 1.9
Started output stream:	0.643 seconds.
Cleared Memory:    	9.980 seconds.
Processing reads in paired-ended mode.
Started read stream.
Started 20 mapping threads.
Detecting finished threads: 0, 1, 2, 3, 4, 5, 6, 7, 8, 9, 10, 11, 12, 13, 14, 15, 16, 17, 18, 19

   ------------------   Results   ------------------   

Genome:                	1
Key Length:            	13
Max Indel:             	16000
Minimum Score Ratio:  	0.56
Mapping Mode:         	normal
Reads Used:           	775992726	(115579635301 bases)

Mapping:          	232794.546 seconds.
Reads/sec:       	3333.38
kBases/sec:      	496.49


Pairing data:   	pct pairs	num pairs 	pct bases	   num bases

mated pairs:     	 19.8388% 	 76973670 	 19.7583% 	 22836628086
bad pairs:       	  2.9740% 	 11539116 	  2.9933% 	  3459665466
insert size avg: 	  374.57


Read 1 data:      	pct reads	num reads 	pct bases	   num bases

mapped:          	 29.6613% 	115084646 	 29.6439% 	 17131136203
unambiguous:     	 28.0017% 	108645571 	 27.9931% 	 16177152633
ambiguous:       	  1.6596% 	  6439075 	  1.6508% 	   953983570
low-Q discards:  	  0.0000% 	        0 	  0.0000% 	           0

perfect best site:	  7.1712% 	 27824023 	  7.1697% 	  4143351293
semiperfect site:	  7.6373% 	 29632266 	  7.6363% 	  4412988437
rescued:         	  2.3944% 	  9290131

Match Rate:      	      NA 	       NA 	 89.9592% 	 15544598476
Error Rate:      	 74.2677% 	 85470850 	  9.1586% 	  1582573229
Sub Rate:        	 74.0826% 	 85257818 	  8.1656% 	  1410990677
Del Rate:        	  4.2924% 	  4939843 	  0.8592% 	   148473821
Ins Rate:        	  4.4058% 	  5070377 	  0.1337% 	    23108731
N Rate:          	  4.7508% 	  5467477 	  0.8822% 	   152438319


Read 2 data:      	pct reads	num reads 	pct bases	   num bases

mapped:          	 29.1194% 	112982279 	 29.0872% 	 16809416876
unambiguous:     	 27.5182% 	106769510 	 27.4965% 	 15890189920
ambiguous:       	  1.6012% 	  6212769 	  1.5906% 	   919226956
low-Q discards:  	  0.0000% 	        0 	  0.0000% 	           0

perfect best site:	  6.5754% 	 25512314 	  6.5695% 	  3796525669
semiperfect site:	  7.0063% 	 27184197 	  7.0007% 	  4045702552
rescued:         	  2.6287% 	 10199089

Match Rate:      	      NA 	       NA 	 89.7445% 	 15239342686
Error Rate:      	 75.9596% 	 85820981 	  9.3809% 	  1592955536
Sub Rate:        	 75.7738% 	 85611068 	  8.2381% 	  1398888633
Del Rate:        	  4.2914% 	  4848470 	  1.0093% 	   171388169
Ins Rate:        	  4.3971% 	  4967943 	  0.1336% 	    22678734
N Rate:          	  4.7246% 	  5337965 	  0.8746% 	   148506823

Total time:     	232867.567 seconds.
