java -ea -Xmx54724m -Xms54724m -cp /home/sam/anaconda3/envs/FullCyc_metagenome/opt/bbmap-38.67-0/current/ align2.BBMap build=1 overwrite=true fastareadlen=500 in=../reads/Xylose_Day6_reads.fastq.gz out=Xylose_Day6_mapped.bam threads=20 mappedonly=t
Executing align2.BBMap [build=1, overwrite=true, fastareadlen=500, in=../reads/Xylose_Day6_reads.fastq.gz, out=Xylose_Day6_mapped.bam, threads=20, mappedonly=t]
Version 38.67

Set threads to 20
Set OUTPUT_MAPPED_ONLY to true
Retaining first best site only for ambiguous mappings.
Set genome to 1

Loaded Reference:	15.393 seconds.
Loading index for chunk 1-5, build 1
Generated Index:	48.201 seconds.
Analyzed Index:   	8.199 seconds.
Found samtools 1.9
Started output stream:	0.680 seconds.
Cleared Memory:    	8.681 seconds.
Processing reads in paired-ended mode.
Started read stream.
Started 20 mapping threads.
Detecting finished threads: 0, 1, 2, 3, 4, 5, 6, 7, 8, 9, 10, 11, 12, 13, 14, 15, 16, 17, 18, 19

   ------------------   Results   ------------------   

Genome:                	1
Key Length:            	13
Max Indel:             	16000
Minimum Score Ratio:  	0.56
Mapping Mode:         	normal
Reads Used:           	750644734	(111236178815 bases)

Mapping:          	150756.880 seconds.
Reads/sec:       	4979.17
kBases/sec:      	737.85


Pairing data:   	pct pairs	num pairs 	pct bases	   num bases

mated pairs:     	 30.2017% 	113353709 	 30.0339% 	 33408557956
bad pairs:       	  4.7414% 	 17795633 	  4.7970% 	  5335957984
insert size avg: 	  350.36


Read 1 data:      	pct reads	num reads 	pct bases	   num bases

mapped:          	 42.2650% 	158629828 	 42.2359% 	 23490807236
unambiguous:     	 39.9924% 	150100431 	 39.9775% 	 22234740844
ambiguous:       	  2.2726% 	  8529397 	  2.2584% 	  1256066392
low-Q discards:  	  0.0000% 	        0 	  0.0000% 	           0

perfect best site:	 12.6532% 	 47490338 	 12.6306% 	  7024878637
semiperfect site:	 13.3914% 	 50260735 	 13.3705% 	  7436402025
rescued:         	  2.8535% 	 10709662

Match Rate:      	      NA 	       NA 	 91.2639% 	 21566013168
Error Rate:      	 68.3545% 	108430653 	  7.8023% 	  1843720492
Sub Rate:        	 68.2262% 	108227143 	  7.1214% 	  1682818217
Del Rate:        	  2.9322% 	  4651277 	  0.5907% 	   139579083
Ins Rate:        	  3.1031% 	  4922373 	  0.0902% 	    21323192
N Rate:          	  4.8519% 	  7696626 	  0.9338% 	   220652659


Read 2 data:      	pct reads	num reads 	pct bases	   num bases

mapped:          	 41.4612% 	155613002 	 41.4054% 	 23028909814
unambiguous:     	 39.2819% 	147433899 	 39.2438% 	 21826635785
ambiguous:       	  2.1792% 	  8179103 	  2.1617% 	  1202274029
low-Q discards:  	  0.0000% 	        0 	  0.0000% 	           0

perfect best site:	 11.2809% 	 42339696 	 11.2417% 	  6252398591
semiperfect site:	 11.9498% 	 44850188 	 11.9115% 	  6624931510
rescued:         	  3.1512% 	 11826994

Match Rate:      	      NA 	       NA 	 90.9937% 	 21107715517
Error Rate:      	 71.2196% 	110826986 	  8.0807% 	  1874472308
Sub Rate:        	 71.0946% 	110632554 	  7.2636% 	  1684938381
Del Rate:        	  2.9785% 	  4634924 	  0.7242% 	   167986945
Ins Rate:        	  3.1479% 	  4898613 	  0.0929% 	    21546982
N Rate:          	  4.8337% 	  7521867 	  0.9256% 	   214708934

Total time:     	150838.458 seconds.
